NOTE: Picked up JDK_JAVA_OPTIONS:  --add-opens=java.base/java.lang=ALL-UNNAMED --add-opens=java.base/java.io=ALL-UNNAMED --add-opens=java.base/java.util=ALL-UNNAMED --add-opens=java.base/java.util.concurrent=ALL-UNNAMED --add-opens=java.rmi/sun.rmi.transport=ALL-UNNAMED
15-Dec-2024 17:26:20.715 INFO [main] org.apache.catalina.startup.VersionLoggerListener.log Server version name:   Apache Tomcat/8.5.99
15-Dec-2024 17:26:20.721 INFO [main] org.apache.catalina.startup.VersionLoggerListener.log Server built:          Feb 14 2024 22:52:13 UTC
15-Dec-2024 17:26:20.721 INFO [main] org.apache.catalina.startup.VersionLoggerListener.log Server version number: 8.5.99.0
15-Dec-2024 17:26:20.721 INFO [main] org.apache.catalina.startup.VersionLoggerListener.log OS Name:               Linux
15-Dec-2024 17:26:20.721 INFO [main] org.apache.catalina.startup.VersionLoggerListener.log OS Version:            6.8.0-1019-aws
15-Dec-2024 17:26:20.721 INFO [main] org.apache.catalina.startup.VersionLoggerListener.log Architecture:          amd64
15-Dec-2024 17:26:20.721 INFO [main] org.apache.catalina.startup.VersionLoggerListener.log Java Home:             /usr/lib/jvm/java-17-openjdk-amd64
15-Dec-2024 17:26:20.721 INFO [main] org.apache.catalina.startup.VersionLoggerListener.log JVM Version:           17.0.13+11-Ubuntu-2ubuntu124.04
15-Dec-2024 17:26:20.721 INFO [main] org.apache.catalina.startup.VersionLoggerListener.log JVM Vendor:            Ubuntu
15-Dec-2024 17:26:20.721 INFO [main] org.apache.catalina.startup.VersionLoggerListener.log CATALINA_BASE:         /home/ubuntu/Docker3tier/backend/apache-tomcat-8.5.99
15-Dec-2024 17:26:20.721 INFO [main] org.apache.catalina.startup.VersionLoggerListener.log CATALINA_HOME:         /home/ubuntu/Docker3tier/backend/apache-tomcat-8.5.99
15-Dec-2024 17:26:20.722 INFO [main] org.apache.catalina.startup.VersionLoggerListener.log Command line argument: --add-opens=java.base/java.lang=ALL-UNNAMED
15-Dec-2024 17:26:20.722 INFO [main] org.apache.catalina.startup.VersionLoggerListener.log Command line argument: --add-opens=java.base/java.io=ALL-UNNAMED
15-Dec-2024 17:26:20.722 INFO [main] org.apache.catalina.startup.VersionLoggerListener.log Command line argument: --add-opens=java.base/java.util=ALL-UNNAMED
15-Dec-2024 17:26:20.722 INFO [main] org.apache.catalina.startup.VersionLoggerListener.log Command line argument: --add-opens=java.base/java.util.concurrent=ALL-UNNAMED
15-Dec-2024 17:26:20.722 INFO [main] org.apache.catalina.startup.VersionLoggerListener.log Command line argument: --add-opens=java.rmi/sun.rmi.transport=ALL-UNNAMED
15-Dec-2024 17:26:20.722 INFO [main] org.apache.catalina.startup.VersionLoggerListener.log Command line argument: -Djava.util.logging.config.file=/home/ubuntu/Docker3tier/backend/apache-tomcat-8.5.99/conf/logging.properties
15-Dec-2024 17:26:20.722 INFO [main] org.apache.catalina.startup.VersionLoggerListener.log Command line argument: -Djava.util.logging.manager=org.apache.juli.ClassLoaderLogManager
15-Dec-2024 17:26:20.722 INFO [main] org.apache.catalina.startup.VersionLoggerListener.log Command line argument: -Djdk.tls.ephemeralDHKeySize=2048
15-Dec-2024 17:26:20.722 INFO [main] org.apache.catalina.startup.VersionLoggerListener.log Command line argument: -Djava.protocol.handler.pkgs=org.apache.catalina.webresources
15-Dec-2024 17:26:20.722 INFO [main] org.apache.catalina.startup.VersionLoggerListener.log Command line argument: -Dorg.apache.catalina.security.SecurityListener.UMASK=0027
15-Dec-2024 17:26:20.725 INFO [main] org.apache.catalina.startup.VersionLoggerListener.log Command line argument: -Dignore.endorsed.dirs=
15-Dec-2024 17:26:20.725 INFO [main] org.apache.catalina.startup.VersionLoggerListener.log Command line argument: -Dcatalina.base=/home/ubuntu/Docker3tier/backend/apache-tomcat-8.5.99
15-Dec-2024 17:26:20.725 INFO [main] org.apache.catalina.startup.VersionLoggerListener.log Command line argument: -Dcatalina.home=/home/ubuntu/Docker3tier/backend/apache-tomcat-8.5.99
15-Dec-2024 17:26:20.725 INFO [main] org.apache.catalina.startup.VersionLoggerListener.log Command line argument: -Djava.io.tmpdir=/home/ubuntu/Docker3tier/backend/apache-tomcat-8.5.99/temp
15-Dec-2024 17:26:20.725 INFO [main] org.apache.catalina.core.AprLifecycleListener.lifecycleEvent The Apache Tomcat Native library which allows using OpenSSL was not found on the java.library.path: [/usr/java/packages/lib:/usr/lib/x86_64-linux-gnu/jni:/lib/x86_64-linux-gnu:/usr/lib/x86_64-linux-gnu:/usr/lib/jni:/lib:/usr/lib]
15-Dec-2024 17:26:20.772 INFO [main] org.apache.coyote.AbstractProtocol.init Initializing ProtocolHandler ["http-nio-8080"]
15-Dec-2024 17:26:20.792 SEVERE [main] org.apache.catalina.core.StandardService.initInternal Failed to initialize connector [Connector["http-nio-8080"]]
	org.apache.catalina.LifecycleException: Protocol handler initialization failed
		at org.apache.catalina.connector.Connector.initInternal(Connector.java:1075)
		at org.apache.catalina.util.LifecycleBase.init(LifecycleBase.java:127)
		at org.apache.catalina.core.StandardService.initInternal(StandardService.java:564)
		at org.apache.catalina.util.LifecycleBase.init(LifecycleBase.java:127)
		at org.apache.catalina.core.StandardServer.initInternal(StandardServer.java:861)
		at org.apache.catalina.util.LifecycleBase.init(LifecycleBase.java:127)
		at org.apache.catalina.startup.Catalina.load(Catalina.java:596)
		at org.apache.catalina.startup.Catalina.load(Catalina.java:619)
		at java.base/jdk.internal.reflect.NativeMethodAccessorImpl.invoke0(Native Method)
		at java.base/jdk.internal.reflect.NativeMethodAccessorImpl.invoke(NativeMethodAccessorImpl.java:77)
		at java.base/jdk.internal.reflect.DelegatingMethodAccessorImpl.invoke(DelegatingMethodAccessorImpl.java:43)
		at java.base/java.lang.reflect.Method.invoke(Method.java:569)
		at org.apache.catalina.startup.Bootstrap.load(Bootstrap.java:302)
		at org.apache.catalina.startup.Bootstrap.main(Bootstrap.java:475)
	Caused by: java.net.BindException: Address already in use
		at java.base/sun.nio.ch.Net.bind0(Native Method)
		at java.base/sun.nio.ch.Net.bind(Net.java:555)
		at java.base/sun.nio.ch.ServerSocketChannelImpl.netBind(ServerSocketChannelImpl.java:337)
		at java.base/sun.nio.ch.ServerSocketChannelImpl.bind(ServerSocketChannelImpl.java:294)
		at java.base/sun.nio.ch.ServerSocketAdaptor.bind(ServerSocketAdaptor.java:89)
		at org.apache.tomcat.util.net.NioEndpoint.initServerSocket(NioEndpoint.java:226)
		at org.apache.tomcat.util.net.NioEndpoint.bind(NioEndpoint.java:202)
		at org.apache.tomcat.util.net.AbstractEndpoint.bindWithCleanup(AbstractEndpoint.java:1328)
		at org.apache.tomcat.util.net.AbstractEndpoint.init(AbstractEndpoint.java:1341)
		at org.apache.tomcat.util.net.AbstractJsseEndpoint.init(AbstractJsseEndpoint.java:235)
		at org.apache.coyote.AbstractProtocol.init(AbstractProtocol.java:695)
		at org.apache.coyote.http11.AbstractHttp11Protocol.init(AbstractHttp11Protocol.java:76)
		at org.apache.catalina.connector.Connector.initInternal(Connector.java:1073)
		... 13 more
15-Dec-2024 17:26:20.794 INFO [main] org.apache.catalina.startup.Catalina.load Initialization processed in 654 ms
15-Dec-2024 17:26:20.870 INFO [main] org.apache.catalina.core.StandardService.startInternal Starting service [Catalina]
15-Dec-2024 17:26:20.870 INFO [main] org.apache.catalina.core.StandardEngine.startInternal Starting Servlet engine: [Apache Tomcat/8.5.99]
15-Dec-2024 17:26:20.883 INFO [localhost-startStop-1] org.apache.catalina.startup.HostConfig.deployDirectory Deploying web application directory [/home/ubuntu/Docker3tier/backend/apache-tomcat-8.5.99/webapps/ROOT]
15-Dec-2024 17:26:21.173 INFO [localhost-startStop-1] org.apache.catalina.startup.HostConfig.deployDirectory Deployment of web application directory [/home/ubuntu/Docker3tier/backend/apache-tomcat-8.5.99/webapps/ROOT] has finished in [290] ms
15-Dec-2024 17:26:21.174 INFO [localhost-startStop-1] org.apache.catalina.startup.HostConfig.deployDirectory Deploying web application directory [/home/ubuntu/Docker3tier/backend/apache-tomcat-8.5.99/webapps/manager]
15-Dec-2024 17:26:21.210 INFO [localhost-startStop-1] org.apache.catalina.startup.HostConfig.deployDirectory Deployment of web application directory [/home/ubuntu/Docker3tier/backend/apache-tomcat-8.5.99/webapps/manager] has finished in [36] ms
15-Dec-2024 17:26:21.210 INFO [localhost-startStop-1] org.apache.catalina.startup.HostConfig.deployDirectory Deploying web application directory [/home/ubuntu/Docker3tier/backend/apache-tomcat-8.5.99/webapps/host-manager]
15-Dec-2024 17:26:21.227 INFO [localhost-startStop-1] org.apache.catalina.startup.HostConfig.deployDirectory Deployment of web application directory [/home/ubuntu/Docker3tier/backend/apache-tomcat-8.5.99/webapps/host-manager] has finished in [17] ms
15-Dec-2024 17:26:21.228 INFO [localhost-startStop-1] org.apache.catalina.startup.HostConfig.deployDirectory Deploying web application directory [/home/ubuntu/Docker3tier/backend/apache-tomcat-8.5.99/webapps/examples]
15-Dec-2024 17:26:21.476 INFO [localhost-startStop-1] org.apache.catalina.startup.HostConfig.deployDirectory Deployment of web application directory [/home/ubuntu/Docker3tier/backend/apache-tomcat-8.5.99/webapps/examples] has finished in [248] ms
15-Dec-2024 17:26:21.477 INFO [localhost-startStop-1] org.apache.catalina.startup.HostConfig.deployDirectory Deploying web application directory [/home/ubuntu/Docker3tier/backend/apache-tomcat-8.5.99/webapps/docs]
15-Dec-2024 17:26:21.497 INFO [localhost-startStop-1] org.apache.catalina.startup.HostConfig.deployDirectory Deployment of web application directory [/home/ubuntu/Docker3tier/backend/apache-tomcat-8.5.99/webapps/docs] has finished in [19] ms
15-Dec-2024 17:26:21.503 INFO [main] org.apache.catalina.startup.Catalina.start Server startup in 708 ms
15-Dec-2024 17:42:02.563 INFO [Thread-1] org.apache.coyote.AbstractProtocol.pause Pausing ProtocolHandler ["http-nio-8080"]
15-Dec-2024 17:42:02.566 INFO [Thread-1] org.apache.catalina.core.StandardService.stopInternal Stopping service [Catalina]
15-Dec-2024 17:42:02.664 INFO [Thread-1] org.apache.coyote.AbstractProtocol.stop Stopping ProtocolHandler ["http-nio-8080"]
15-Dec-2024 17:42:02.670 INFO [Thread-1] org.apache.coyote.AbstractProtocol.destroy Destroying ProtocolHandler ["http-nio-8080"]
